<?xml version="1.0" encoding="UTF-8"?>
<!-- Generated by org.testng.reporters.JUnitReportReporter -->
<testsuite hostname="LAPTOP-P6ESQ0G5" failures="0" tests="1" name="Testng.selenium1.NewTest" time="0.011" errors="0" timestamp="2023-06-29T15:07:47 IST" skipped="0">
  <testcase classname="Testng.selenium1.NewTest" name="f" time="0.011"/>
  <system-out/>
</testsuite> <!-- Testng.selenium1.NewTest -->
