<?xml version="1.0" encoding="UTF-8"?>
<!-- Generated by org.testng.reporters.JUnitReportReporter -->
<testsuite hostname="LAPTOP-P6ESQ0G5" failures="0" tests="1" name="Testng.selenium1.login" time="13.797" errors="0" timestamp="2023-07-03T11:57:03 IST" skipped="0">
  <testcase classname="Testng.selenium1.login" name="sigin" time="13.797"/>
  <system-out/>
</testsuite> <!-- Testng.selenium1.login -->
