<?xml version="1.0" encoding="UTF-8"?>
<!-- Generated by org.testng.reporters.JUnitReportReporter -->
<testsuite hostname="LAPTOP-P6ESQ0G5" failures="0" tests="1" name="dataproviders1.dat2" time="0.030" errors="0" timestamp="2023-07-03T15:24:01 IST" skipped="0">
  <testcase classname="dataproviders1.dat2" name="test1" time="0.030"/>
  <system-out/>
</testsuite> <!-- dataproviders1.dat2 -->
