<?xml version="1.0" encoding="UTF-8"?>
<!-- Generated by org.testng.reporters.JUnitReportReporter -->
<testsuite hostname="LAPTOP-P6ESQ0G5" failures="0" tests="5" name="test.day1" time="0.009" errors="0" timestamp="2023-07-05T11:44:14 IST" skipped="0">
  <testcase classname="test.day1" name="TC5" time="0.001"/>
  <system-out/>
  <testcase classname="test.day1" name="TC1" time="0.002"/>
  <system-out/>
  <testcase classname="test.day1" name="TC4" time="0.002"/>
  <system-out/>
  <testcase classname="test.day1" name="TC2" time="0.002"/>
  <system-out/>
  <testcase classname="test.day1" name="TC3" time="0.002"/>
  <system-out/>
</testsuite> <!-- test.day1 -->
