<?xml version="1.0" encoding="UTF-8"?>
<!-- Generated by org.testng.reporters.JUnitReportReporter -->
<testsuite hostname="LAPTOP-P6ESQ0G5" failures="0" tests="3" name="dataproviders1.day3" time="0.019" errors="0" timestamp="2023-07-06T12:04:53 IST" skipped="0">
  <testcase classname="dataproviders1.day3" name="ts" time="0.015"/>
  <system-out/>
  <testcase classname="dataproviders1.day3" name="ts" time="0.002"/>
  <system-out/>
  <testcase classname="dataproviders1.day3" name="ts" time="0.002"/>
  <system-out/>
</testsuite> <!-- dataproviders1.day3 -->
