<?xml version="1.0" encoding="UTF-8"?>
<!-- Generated by org.testng.reporters.JUnitReportReporter -->
<testsuite hostname="LAPTOP-P6ESQ0G5" failures="0" tests="4" name="test.day3" time="6.032" errors="0" timestamp="2023-07-05T11:57:31 IST" skipped="0">
  <testcase classname="test.day3" name="TC3" time="0.002"/>
  <system-out/>
  <testcase classname="test.day3" name="TC4" time="0.002"/>
  <system-out/>
  <testcase classname="test.day3" name="TC2" time="6.016"/>
  <system-out/>
  <testcase classname="test.day3" name="TC1" time="0.012"/>
  <system-out/>
</testsuite> <!-- test.day3 -->
