<?xml version="1.0" encoding="UTF-8"?>
<!-- Generated by org.testng.reporters.JUnitReportReporter -->
<testsuite hostname="LAPTOP-P6ESQ0G5" failures="0" tests="3" name="test.day2" time="0.021" errors="0" timestamp="2023-07-05T11:44:14 IST" skipped="0">
  <testcase classname="test.day2" name="TC8" time="0.002"/>
  <system-out/>
  <testcase classname="test.day2" name="TC6" time="0.017"/>
  <system-out/>
  <testcase classname="test.day2" name="TC7" time="0.002"/>
  <system-out/>
</testsuite> <!-- test.day2 -->
