<?xml version="1.0" encoding="UTF-8"?>
<!-- Generated by org.testng.reporters.JUnitReportReporter -->
<testsuite hostname="LAPTOP-P6ESQ0G5" failures="0" tests="1" name="dataproviders1.day1" time="18.066" errors="0" timestamp="2023-07-03T15:26:36 IST" skipped="0">
  <testcase classname="dataproviders1.day1" name="login" time="18.066"/>
  <system-out/>
</testsuite> <!-- dataproviders1.day1 -->
